c:\users\waqar\documents\visual studio 2013\projects\linear search\linear search\debug\vc120.pdb
c:\users\waqar\documents\visual studio 2013\projects\linear search\linear search\debug\vc120.idb
c:\users\waqar\documents\visual studio 2013\projects\linear search\linear search\debug\source.nativecodeanalysis.xml
c:\users\waqar\documents\visual studio 2013\projects\linear search\linear search\debug\source.obj
c:\users\waqar\documents\visual studio 2013\projects\linear search\debug\linear search.ilk
c:\users\waqar\documents\visual studio 2013\projects\linear search\debug\linear search.exe
c:\users\waqar\documents\visual studio 2013\projects\linear search\debug\linear search.pdb
c:\users\waqar\documents\visual studio 2013\projects\linear search\linear search\debug\linear search.res
c:\users\waqar\documents\visual studio 2013\projects\linear search\linear search\debug\nativecodeanalysis.read.1.tlog
c:\users\waqar\documents\visual studio 2013\projects\linear search\linear search\debug\vc.nativecodeanalysis.all.xml
c:\users\waqar\documents\visual studio 2013\projects\linear search\debug\linear search.exe.lastcodeanalysissucceeded
c:\users\waqar\documents\visual studio 2013\projects\linear search\linear search\debug\linear search.tlog\cl.command.1.tlog
c:\users\waqar\documents\visual studio 2013\projects\linear search\linear search\debug\linear search.tlog\cl.read.1.tlog
c:\users\waqar\documents\visual studio 2013\projects\linear search\linear search\debug\linear search.tlog\cl.write.1.tlog
c:\users\waqar\documents\visual studio 2013\projects\linear search\linear search\debug\linear search.tlog\link.command.1.tlog
c:\users\waqar\documents\visual studio 2013\projects\linear search\linear search\debug\linear search.tlog\link.read.1.tlog
c:\users\waqar\documents\visual studio 2013\projects\linear search\linear search\debug\linear search.tlog\link.write.1.tlog
c:\users\waqar\documents\visual studio 2013\projects\linear search\linear search\debug\linear search.tlog\rc.command.1.tlog
c:\users\waqar\documents\visual studio 2013\projects\linear search\linear search\debug\linear search.tlog\rc.read.1.tlog
c:\users\waqar\documents\visual studio 2013\projects\linear search\linear search\debug\linear search.tlog\rc.write.1.tlog
